<?xml version="1.0" encoding="UTF-8"?>
<robot generator="Robot 6.0.2 (Python 3.10.2 on win32)" generated="20230227 15:34:58.799" rpa="false" schemaversion="3">
<suite id="s1" name="Authentication Tests" source="c:\Users\User\Desktop\Api-Test\robot-web-test\tests\authentication_tests.robot">
<test id="s1-t1" name="Scenario: Succesfull login with problem user" line="120">
<kw name="Run Keywords" library="BuiltIn" type="SETUP">
<arg>Start Test</arg>
<doc>Executes all the given keywords in a sequence.</doc>
<kw name="Start Test" library="runner">
<kw name="Open Browser" library="SeleniumLibrary">
<arg>${BASE_URL}</arg>
<arg>${BROWSER}</arg>
<doc>Opens a new browser instance to the optional ``url``.</doc>
<msg timestamp="20230227 15:34:58.992" level="INFO">Opening browser 'chrome' to base url 'https://www.saucedemo.com/'.</msg>
<status status="PASS" starttime="20230227 15:34:58.991" endtime="20230227 15:35:00.627"/>
</kw>
<kw name="Set Window Size" library="SeleniumLibrary">
<arg>${SCREEN_WIDTH}</arg>
<arg>${SCREEN_HEIGHT}</arg>
<doc>Sets current windows size to given ``width`` and ``height``.</doc>
<status status="PASS" starttime="20230227 15:35:00.627" endtime="20230227 15:35:00.743"/>
</kw>
<kw name="Set Selenium Timeout" library="SeleniumLibrary">
<arg>30 seconds</arg>
<doc>Sets the timeout that is used by various keywords.</doc>
<status status="PASS" starttime="20230227 15:35:00.743" endtime="20230227 15:35:00.745"/>
</kw>
<status status="PASS" starttime="20230227 15:34:58.991" endtime="20230227 15:35:00.745"/>
</kw>
<status status="PASS" starttime="20230227 15:34:58.990" endtime="20230227 15:35:00.745"/>
</kw>
<kw name="Given Peny is on the login page" library="login_page_steps">
<kw name="Wait Until Element Is Visible" library="SeleniumLibrary">
<arg>${LOGIN_PAGE_IDENTIFIER}</arg>
<doc>Waits until the element ``locator`` is visible.</doc>
<status status="PASS" starttime="20230227 15:35:00.746" endtime="20230227 15:35:00.764"/>
</kw>
<kw name="Get Location" library="SeleniumLibrary">
<var>${current_url}</var>
<doc>Returns the current browser window URL.</doc>
<msg timestamp="20230227 15:35:00.768" level="INFO">${current_url} = https://www.saucedemo.com/</msg>
<status status="PASS" starttime="20230227 15:35:00.765" endtime="20230227 15:35:00.769"/>
</kw>
<kw name="Should Be Equal As Strings" library="BuiltIn">
<arg>${current_url}</arg>
<arg>${BASE_URL}</arg>
<doc>Fails if objects are unequal after converting them to strings.</doc>
<status status="PASS" starttime="20230227 15:35:00.769" endtime="20230227 15:35:00.769"/>
</kw>
<status status="PASS" starttime="20230227 15:35:00.746" endtime="20230227 15:35:00.769"/>
</kw>
<kw name="When Peny inserts their problem username" library="login_page_steps" sourcename="Peny inserts their ${type} username">
<if>
<branch type="IF" condition="&quot;&quot;&quot;${type}&quot;&quot;&quot; == &quot;&quot;&quot;default&quot;&quot;&quot;">
<kw name="Set Variable" library="BuiltIn">
<var>${username}</var>
<arg>${DEFAULT_USERNAME}</arg>
<doc>Returns the given values which can then be assigned to a variables.</doc>
<status status="NOT RUN" starttime="20230227 15:35:00.770" endtime="20230227 15:35:00.771"/>
</kw>
<status status="NOT RUN" starttime="20230227 15:35:00.770" endtime="20230227 15:35:00.771"/>
</branch>
<status status="PASS" starttime="20230227 15:35:00.770" endtime="20230227 15:35:00.771"/>
</if>
<if>
<branch type="IF" condition="&quot;&quot;&quot;${type}&quot;&quot;&quot; == &quot;&quot;&quot;locked out&quot;&quot;&quot;">
<kw name="Set Variable" library="BuiltIn">
<var>${username}</var>
<arg>${LOCKED_USER}</arg>
<doc>Returns the given values which can then be assigned to a variables.</doc>
<status status="NOT RUN" starttime="20230227 15:35:00.771" endtime="20230227 15:35:00.771"/>
</kw>
<status status="NOT RUN" starttime="20230227 15:35:00.771" endtime="20230227 15:35:00.771"/>
</branch>
<status status="PASS" starttime="20230227 15:35:00.771" endtime="20230227 15:35:00.771"/>
</if>
<if>
<branch type="IF" condition="&quot;&quot;&quot;${type}&quot;&quot;&quot; == &quot;&quot;&quot;problem&quot;&quot;&quot;">
<kw name="Set Variable" library="BuiltIn">
<var>${username}</var>
<arg>${PROBLEM_USERNAME}</arg>
<doc>Returns the given values which can then be assigned to a variables.</doc>
<msg timestamp="20230227 15:35:00.772" level="INFO">${username} = problem_user</msg>
<status status="PASS" starttime="20230227 15:35:00.772" endtime="20230227 15:35:00.772"/>
</kw>
<status status="PASS" starttime="20230227 15:35:00.771" endtime="20230227 15:35:00.772"/>
</branch>
<status status="PASS" starttime="20230227 15:35:00.771" endtime="20230227 15:35:00.772"/>
</if>
<if>
<branch type="IF" condition="&quot;&quot;&quot;${type}&quot;&quot;&quot; == &quot;&quot;&quot;glitched&quot;&quot;&quot;">
<kw name="Set Variable" library="BuiltIn">
<var>${username}</var>
<arg>${GLLITCHED_USER}</arg>
<doc>Returns the given values which can then be assigned to a variables.</doc>
<status status="NOT RUN" starttime="20230227 15:35:00.772" endtime="20230227 15:35:00.772"/>
</kw>
<status status="NOT RUN" starttime="20230227 15:35:00.772" endtime="20230227 15:35:00.773"/>
</branch>
<status status="PASS" starttime="20230227 15:35:00.772" endtime="20230227 15:35:00.773"/>
</if>
<if>
<branch type="IF" condition="&quot;&quot;&quot;${type}&quot;&quot;&quot; == &quot;&quot;&quot;invalid&quot;&quot;&quot;">
<kw name="Set Variable" library="BuiltIn">
<var>${username}</var>
<arg>${INVALID_USER}</arg>
<doc>Returns the given values which can then be assigned to a variables.</doc>
<status status="NOT RUN" starttime="20230227 15:35:00.773" endtime="20230227 15:35:00.773"/>
</kw>
<status status="NOT RUN" starttime="20230227 15:35:00.773" endtime="20230227 15:35:00.773"/>
</branch>
<status status="PASS" starttime="20230227 15:35:00.773" endtime="20230227 15:35:00.774"/>
</if>
<kw name="Input Text" library="SeleniumLibrary">
<arg>${LOGIN_USERNAME_FIELD}</arg>
<arg>${username}</arg>
<doc>Types the given ``text`` into the text field identified by ``locator``.</doc>
<msg timestamp="20230227 15:35:00.774" level="INFO">Typing text 'problem_user' into text field 'css=input[data-test="username"]'.</msg>
<status status="PASS" starttime="20230227 15:35:00.774" endtime="20230227 15:35:00.860"/>
</kw>
<status status="PASS" starttime="20230227 15:35:00.770" endtime="20230227 15:35:00.860"/>
</kw>
<kw name="And Peny inserts their default password" library="login_page_steps" sourcename="Peny inserts their ${type} password">
<if>
<branch type="IF" condition="&quot;&quot;&quot;${type}&quot;&quot;&quot; == &quot;&quot;&quot;default&quot;&quot;&quot;">
<kw name="Set Variable" library="BuiltIn">
<var>${password}</var>
<arg>${DEFAULT_PASSWORD}</arg>
<doc>Returns the given values which can then be assigned to a variables.</doc>
<msg timestamp="20230227 15:35:00.862" level="INFO">${password} = secret_sauce</msg>
<status status="PASS" starttime="20230227 15:35:00.862" endtime="20230227 15:35:00.862"/>
</kw>
<status status="PASS" starttime="20230227 15:35:00.861" endtime="20230227 15:35:00.862"/>
</branch>
<status status="PASS" starttime="20230227 15:35:00.861" endtime="20230227 15:35:00.862"/>
</if>
<if>
<branch type="IF" condition="&quot;&quot;&quot;${type}&quot;&quot;&quot; == &quot;&quot;&quot;invalid&quot;&quot;&quot;">
<kw name="Set Variable" library="BuiltIn">
<var>${password}</var>
<arg>iminvalid:(</arg>
<doc>Returns the given values which can then be assigned to a variables.</doc>
<status status="NOT RUN" starttime="20230227 15:35:00.863" endtime="20230227 15:35:00.863"/>
</kw>
<status status="NOT RUN" starttime="20230227 15:35:00.863" endtime="20230227 15:35:00.863"/>
</branch>
<status status="PASS" starttime="20230227 15:35:00.862" endtime="20230227 15:35:00.863"/>
</if>
<kw name="Input Text" library="SeleniumLibrary">
<arg>${LOGIN_PASSWORD_FIELD}</arg>
<arg>${password}</arg>
<doc>Types the given ``text`` into the text field identified by ``locator``.</doc>
<msg timestamp="20230227 15:35:00.864" level="INFO">Typing text 'secret_sauce' into text field 'css=input[data-test="password"]'.</msg>
<status status="PASS" starttime="20230227 15:35:00.863" endtime="20230227 15:35:00.925"/>
</kw>
<status status="PASS" starttime="20230227 15:35:00.861" endtime="20230227 15:35:00.926"/>
</kw>
<kw name="And Peny clicks the login button" library="login_page_steps">
<kw name="Click Button" library="SeleniumLibrary">
<arg>${LOGIN_BUTTON}</arg>
<doc>Clicks the button identified by ``locator``.</doc>
<msg timestamp="20230227 15:35:00.927" level="INFO">Clicking button 'css=input[data-test="login-button"]'.</msg>
<status status="PASS" starttime="20230227 15:35:00.927" endtime="20230227 15:35:00.999"/>
</kw>
<status status="PASS" starttime="20230227 15:35:00.926" endtime="20230227 15:35:01.000"/>
</kw>
<kw name="Then Peny should see a bugged inventory page" library="inventory_page_steps">
<kw name="Wait Until Element Is Visible" library="SeleniumLibrary">
<arg>${BUGGED_INVENTORY_IDENTIFIER}</arg>
<doc>Waits until the element ``locator`` is visible.</doc>
<msg timestamp="20230227 15:35:31.233" level="INFO" html="true">&lt;/td&gt;&lt;/tr&gt;&lt;tr&gt;&lt;td colspan="3"&gt;&lt;a href="selenium-screenshot-7.png"&gt;&lt;img src="selenium-screenshot-7.png" width="800px"&gt;&lt;/a&gt;</msg>
<msg timestamp="20230227 15:35:31.234" level="FAIL">Element 'link=//[https://www.saucedemo.com/static/media/sl-404.168b1cce.jpg]' not visible after 30 seconds.</msg>
<status status="FAIL" starttime="20230227 15:35:01.001" endtime="20230227 15:35:31.236"/>
</kw>
<kw name="Get Location" library="SeleniumLibrary">
<var>${current_url}</var>
<doc>Returns the current browser window URL.</doc>
<status status="NOT RUN" starttime="20230227 15:35:31.236" endtime="20230227 15:35:31.236"/>
</kw>
<kw name="Should Contain" library="BuiltIn">
<arg>${current_url}</arg>
<arg>/inventory.html</arg>
<doc>Fails if ``container`` does not contain ``item`` one or more times.</doc>
<status status="NOT RUN" starttime="20230227 15:35:31.237" endtime="20230227 15:35:31.237"/>
</kw>
<status status="FAIL" starttime="20230227 15:35:01.000" endtime="20230227 15:35:31.237"/>
</kw>
<kw name="Run Keywords" library="BuiltIn" type="TEARDOWN">
<arg>End Test</arg>
<doc>Executes all the given keywords in a sequence.</doc>
<kw name="End Test" library="runner">
<kw name="Sleep" library="BuiltIn">
<arg>2</arg>
<doc>Pauses the test executed for the given time.</doc>
<msg timestamp="20230227 15:35:33.252" level="INFO">Slept 2 seconds</msg>
<status status="PASS" starttime="20230227 15:35:31.239" endtime="20230227 15:35:33.252"/>
</kw>
<kw name="Capture Page Screenshot" library="SeleniumLibrary">
<doc>Takes a screenshot of the current page and embeds it into a log file.</doc>
<msg timestamp="20230227 15:35:33.456" level="INFO" html="true">&lt;/td&gt;&lt;/tr&gt;&lt;tr&gt;&lt;td colspan="3"&gt;&lt;a href="selenium-screenshot-8.png"&gt;&lt;img src="selenium-screenshot-8.png" width="800px"&gt;&lt;/a&gt;</msg>
<status status="PASS" starttime="20230227 15:35:33.253" endtime="20230227 15:35:33.456"/>
</kw>
<kw name="Close Browser" library="SeleniumLibrary">
<doc>Closes the current browser.</doc>
<status status="PASS" starttime="20230227 15:35:33.457" endtime="20230227 15:35:35.567"/>
</kw>
<status status="PASS" starttime="20230227 15:35:31.239" endtime="20230227 15:35:35.567"/>
</kw>
<status status="PASS" starttime="20230227 15:35:31.238" endtime="20230227 15:35:35.568"/>
</kw>
<doc>Successfull outcome when bugged credentials are used.

Relevant Business Rules:
- User is logged in, but the product's images are incorrect.</doc>
<tag>REGRESSION</tag>
<tag>SMOKE</tag>
<status status="FAIL" starttime="20230227 15:34:58.989" endtime="20230227 15:35:35.568">Element 'link=//[https://www.saucedemo.com/static/media/sl-404.168b1cce.jpg]' not visible after 30 seconds.</status>
</test>
<doc>AUTHENTICATION TESTS

Tests from Login Feature are written in this file using Gherkin Syntax.
Specs: &lt;link-to-documentation-or-prototype&gt;</doc>
<status status="FAIL" starttime="20230227 15:34:58.802" endtime="20230227 15:35:35.570"/>
</suite>
<statistics>
<total>
<stat pass="0" fail="1" skip="0">All Tests</stat>
</total>
<tag>
<stat pass="0" fail="1" skip="0">REGRESSION</stat>
<stat pass="0" fail="1" skip="0">SMOKE</stat>
</tag>
<suite>
<stat pass="0" fail="1" skip="0" id="s1" name="Authentication Tests">Authentication Tests</stat>
</suite>
</statistics>
<errors>
</errors>
</robot>
